2023-04-02 22:43:28.034150 - Initialized conversion of CBT218
2023-04-02 22:43:28.212022 - Received CBT.V504.FILE218.PDS from FILE218.XMI 
2023-04-02 22:43:28.215315 - Found $$$#DATE.txt (text/plain) in CBT.V504.FILE218.PDS, moved to PDS/$$$#DATE
2023-04-02 22:43:28.217141 - Found $DOCERB.txt (text/plain) in CBT.V504.FILE218.PDS, moved to PDS/$DOCERB
2023-04-02 22:43:28.218558 - Found @FILE218.txt (text/plain) in CBT.V504.FILE218.PDS, moved to PDS/@FILE218
2023-04-02 22:43:28.219771 - Found CBTJCL.jcl (text/plain) in CBT.V504.FILE218.PDS, moved to PDS/CBTJCL
2023-04-02 22:43:28.221085 - Found ERBRUS99.txt (text/plain) in CBT.V504.FILE218.PDS, moved to PDS/ERBRUS99
2023-04-02 22:43:28.222535 - Found ERBUSASM.txt (text/plain) in CBT.V504.FILE218.PDS, moved to PDS/ERBUSASM
2023-04-02 22:43:28.223822 - Found ERBUSDTA.txt (text/plain) in CBT.V504.FILE218.PDS, moved to PDS/ERBUSDTA
2023-04-02 22:43:28.225065 - Found ERBUSMPL.txt (text/plain) in CBT.V504.FILE218.PDS, moved to PDS/ERBUSMPL
2023-04-02 22:43:28.225079 - Found MVSOBJ.bin containing application/octet-stream, moved to PDS/MVSOBJ
2023-04-02 22:43:28.227674 - Found MVSUSASM.txt (text/plain) in CBT.V504.FILE218.PDS, moved to PDS/MVSUSASM
2023-04-02 22:43:28.229116 - Found MVSUSMPL.txt (text/plain) in CBT.V504.FILE218.PDS, moved to PDS/MVSUSMPL
2023-04-02 22:43:28.230297 - Found SAMPLE.txt (text/plain) in CBT.V504.FILE218.PDS, moved to PDS/SAMPLE
2023-04-02 22:43:28.230308 - Found SE2OBJ.bin containing application/octet-stream, moved to PDS/SE2OBJ
2023-04-02 22:43:28.232872 - Found SHAREHDR.txt (text/plain) in CBT.V504.FILE218.PDS, moved to PDS/SHAREHDR
2023-04-02 22:43:28.234028 - Found SP2RUS99.txt (text/plain) in CBT.V504.FILE218.PDS, moved to PDS/SP2RUS99
2023-04-02 22:43:28.235136 - Found SP212MPL.txt (text/plain) in CBT.V504.FILE218.PDS, moved to PDS/SP212MPL
2023-04-02 22:43:28.235147 - Found SP212OBJ.bin containing application/octet-stream, moved to PDS/SP212OBJ
2023-04-02 22:43:28.237704 - Found SP213MPL.txt (text/plain) in CBT.V504.FILE218.PDS, moved to PDS/SP213MPL
2023-04-02 22:43:28.237714 - Found SP213OBJ.bin containing application/octet-stream, moved to PDS/SP213OBJ
2023-04-02 22:43:28.239871 - Found VSAMMAPC.txt (text/plain) in CBT.V504.FILE218.PDS, moved to PDS/VSAMMAPC
2023-04-02 22:43:28.240986 - Found VSAMMAPP.txt (text/plain) in CBT.V504.FILE218.PDS, moved to PDS/VSAMMAPP
